<?xml version="1.0" encoding="UTF-8"?>
<!-- Generated by org.testng.reporters.JUnitReportReporter -->
<testsuite hostname="DESKTOP-TM2GRI7" failures="0" tests="1" name="testCases.TC01_AccountRegistrationTest" time="5.488" errors="0" timestamp="2025-04-08T05:54:27 IST" skipped="0">
  <testcase classname="testCases.TC01_AccountRegistrationTest" name="test_account_registration" time="5.488"/>
</testsuite> <!-- testCases.TC01_AccountRegistrationTest -->
