<?xml version="1.0" encoding="UTF-8"?>
<!-- Generated by org.testng.reporters.JUnitReportReporter -->
<testsuite hostname="DESKTOP-TM2GRI7" failures="0" tests="1" name="testCases.TC02_LoginTest" time="3.160" errors="0" timestamp="2025-04-08T05:54:27 IST" skipped="0">
  <testcase classname="testCases.TC02_LoginTest" name="verifyLogin" time="3.160"/>
</testsuite> <!-- testCases.TC02_LoginTest -->
